0 info it worked if it ends with ok
1 verbose cli [ 'C:\\Program Files (x86)\\nodejs\\node.exe',
1 verbose cli   'C:\\Program Files (x86)\\nodejs\\node_modules\\npm\\bin\\npm-cli.js',
1 verbose cli   'publish',
1 verbose cli   '.',
1 verbose cli   '--tag',
1 verbose cli   'albha' ]
2 info using npm@3.3.12
3 info using node@v5.2.0
4 verbose publish [ '.' ]
5 silly cache add args [ '.', null ]
6 verbose cache add spec .
7 silly cache add parsed spec Result {
7 silly cache add   raw: '.',
7 silly cache add   scope: null,
7 silly cache add   name: null,
7 silly cache add   rawSpec: '.',
7 silly cache add   spec: 'D:\\Projects\\AngularJS\\waes6\\app\\common\\eslint-plugin-myrules',
7 silly cache add   type: 'directory' }
8 verbose addLocalDirectory C:\Users\bgh39368\AppData\Roaming\npm-cache\eslint-plugin-myrules\1.0.1\package.tgz not in flight; packing
9 info lifecycle eslint-plugin-myrules@1.0.1~prepublish: eslint-plugin-myrules@1.0.1
10 silly lifecycle eslint-plugin-myrules@1.0.1~prepublish: no script for prepublish, continuing
11 verbose tar pack [ 'C:\\Users\\bgh39368\\AppData\\Roaming\\npm-cache\\eslint-plugin-myrules\\1.0.1\\package.tgz',
11 verbose tar pack   'D:\\Projects\\AngularJS\\waes6\\app\\common\\eslint-plugin-myrules' ]
12 verbose tarball C:\Users\bgh39368\AppData\Roaming\npm-cache\eslint-plugin-myrules\1.0.1\package.tgz
13 verbose folder D:\Projects\AngularJS\waes6\app\common\eslint-plugin-myrules
14 verbose addLocalTarball adding from inside cache C:\Users\bgh39368\AppData\Roaming\npm-cache\eslint-plugin-myrules\1.0.1\package.tgz
15 silly cache afterAdd eslint-plugin-myrules@1.0.1
16 verbose afterAdd C:\Users\bgh39368\AppData\Roaming\npm-cache\eslint-plugin-myrules\1.0.1\package\package.json not in flight; writing
17 verbose afterAdd C:\Users\bgh39368\AppData\Roaming\npm-cache\eslint-plugin-myrules\1.0.1\package\package.json written
18 silly publish { name: 'eslint-plugin-myrules',
18 silly publish   version: '1.0.1',
18 silly publish   description: 'project specific custom rules for eslint',
18 silly publish   main: 'index.js',
18 silly publish   scripts: { test: 'echo "Error: no test specified" && exit 1' },
18 silly publish   keywords: [ 'eslint', 'eslint-plugin' ],
18 silly publish   author: { name: 'Jaganathan B' },
18 silly publish   license: 'MIT',
18 silly publish   readme: 'ERROR: No README data found!',
18 silly publish   _id: 'eslint-plugin-myrules@1.0.1',
18 silly publish   _shasum: '468a5a7f03e2fc02e3434314236c407328ecb4ad',
18 silly publish   _from: '.' }
19 verbose getPublishConfig undefined
20 silly mapToRegistry name eslint-plugin-myrules
21 silly mapToRegistry using default registry
22 silly mapToRegistry registry https://registry.npmjs.org/
23 silly mapToRegistry uri https://registry.npmjs.org/eslint-plugin-myrules
24 verbose publish registryBase https://registry.npmjs.org/
25 silly publish uploading C:\Users\bgh39368\AppData\Roaming\npm-cache\eslint-plugin-myrules\1.0.1\package.tgz
26 verbose request uri https://registry.npmjs.org/eslint-plugin-myrules
27 verbose request sending authorization for write operation
28 info attempt registry request try #1 at 4:43:10 PM
29 verbose request using bearer token for auth
30 verbose request id cc1ddf96854c64fa
31 http request PUT https://registry.npmjs.org/eslint-plugin-myrules
32 http 403 https://registry.npmjs.org/eslint-plugin-myrules
33 verbose headers { 'content-type': 'application/json',
33 verbose headers   'cache-control': 'max-age=60',
33 verbose headers   'content-length': '95',
33 verbose headers   'accept-ranges': 'bytes',
33 verbose headers   date: 'Wed, 09 Dec 2015 11:11:34 GMT',
33 verbose headers   via: '1.1 varnish',
33 verbose headers   connection: 'keep-alive',
33 verbose headers   'x-served-by': 'cache-sin6927-SIN',
33 verbose headers   'x-cache': 'MISS',
33 verbose headers   'x-cache-hits': '0',
33 verbose headers   'x-timer': 'S1449659493.773364,VS0,VE792' }
34 verbose request invalidating C:\Users\bgh39368\AppData\Roaming\npm-cache\registry.npmjs.org\eslint-plugin-myrules on PUT
35 error publish Failed PUT 403
36 verbose stack Error: "You cannot publish over the previously published version 1.0.1." : eslint-plugin-myrules
36 verbose stack     at makeError (C:\Program Files (x86)\nodejs\node_modules\npm\node_modules\npm-registry-client\lib\request.js:264:12)
36 verbose stack     at CachingRegistryClient.<anonymous> (C:\Program Files (x86)\nodejs\node_modules\npm\node_modules\npm-registry-client\lib\request.js:252:14)
36 verbose stack     at Request._callback (C:\Program Files (x86)\nodejs\node_modules\npm\node_modules\npm-registry-client\lib\request.js:172:14)
36 verbose stack     at Request.self.callback (C:\Program Files (x86)\nodejs\node_modules\npm\node_modules\request\request.js:198:22)
36 verbose stack     at emitTwo (events.js:88:13)
36 verbose stack     at Request.emit (events.js:173:7)
36 verbose stack     at Request.<anonymous> (C:\Program Files (x86)\nodejs\node_modules\npm\node_modules\request\request.js:1082:10)
36 verbose stack     at emitOne (events.js:83:20)
36 verbose stack     at Request.emit (events.js:170:7)
36 verbose stack     at IncomingMessage.<anonymous> (C:\Program Files (x86)\nodejs\node_modules\npm\node_modules\request\request.js:1009:12)
37 verbose statusCode 403
38 verbose pkgid eslint-plugin-myrules
39 verbose cwd D:\Projects\AngularJS\waes6\app\common\eslint-plugin-myrules
40 error Windows_NT 6.1.7601
41 error argv "C:\\Program Files (x86)\\nodejs\\node.exe" "C:\\Program Files (x86)\\nodejs\\node_modules\\npm\\bin\\npm-cli.js" "publish" "." "--tag" "albha"
42 error node v5.2.0
43 error npm  v3.3.12
44 error code E403
45 error "You cannot publish over the previously published version 1.0.1." : eslint-plugin-myrules
46 error If you need help, you may report this error at:
46 error     <https://github.com/npm/npm/issues>
47 verbose exit [ 1, true ]
